Flow report for FPGAmoduleOfFaultTolerantUnit
Wed Jan 17 10:54:23 2024
Quartus II 64-Bit Version 13.0.1 Build 232 06/12/2013 Service Pack 1 SJ Web Edition


---------------------
; Table of Contents ;
---------------------
  1. Legal Notice
  2. Flow Summary
  3. Flow Settings
  4. Flow Non-Default Global Settings
  5. Flow Elapsed Time
  6. Flow OS Summary
  7. Flow Log
  8. Flow Messages
  9. Flow Suppressed Messages



----------------
; Legal Notice ;
----------------
Copyright (C) 1991-2013 Altera Corporation
Your use of Altera Corporation's design tools, logic functions 
and other software and tools, and its AMPP partner logic 
functions, and any output files from any of the foregoing 
(including device programming or simulation files), and any 
associated documentation or information are expressly subject 
to the terms and conditions of the Altera Program License 
Subscription Agreement, Altera MegaCore Function License 
Agreement, or other applicable license agreement, including, 
without limitation, that your use is for the sole purpose of 
programming logic devices manufactured by Altera and sold by 
Altera or its authorized distributors.  Please refer to the 
applicable agreement for further details.



+--------------------------------------------------------------------------------------+
; Flow Summary                                                                         ;
+------------------------------------+-------------------------------------------------+
; Flow Status                        ; Successful - Wed Jan 17 10:54:23 2024           ;
; Quartus II 64-Bit Version          ; 13.0.1 Build 232 06/12/2013 SP 1 SJ Web Edition ;
; Revision Name                      ; FPGAmoduleOfFaultTolerantUnit                   ;
; Top-level Entity Name              ; FPGAmoduleOfFaultTolerantUnit                   ;
; Family                             ; Cyclone III                                     ;
; Device                             ; EP3C16F484C6                                    ;
; Timing Models                      ; Final                                           ;
; Total logic elements               ; 3,034 / 15,408 ( 20 % )                         ;
;     Total combinational functions  ; 3,033 / 15,408 ( 20 % )                         ;
;     Dedicated logic registers      ; 177 / 15,408 ( 1 % )                            ;
; Total registers                    ; 177                                             ;
; Total pins                         ; 3 / 347 ( < 1 % )                               ;
; Total virtual pins                 ; 0                                               ;
; Total memory bits                  ; 0 / 516,096 ( 0 % )                             ;
; Embedded Multiplier 9-bit elements ; 6 / 112 ( 5 % )                                 ;
; Total PLLs                         ; 0 / 4 ( 0 % )                                   ;
+------------------------------------+-------------------------------------------------+


+---------------------------------------------------+
; Flow Settings                                     ;
+-------------------+-------------------------------+
; Option            ; Setting                       ;
+-------------------+-------------------------------+
; Start date & time ; 01/17/2024 10:53:45           ;
; Main task         ; Compilation                   ;
; Revision Name     ; FPGAmoduleOfFaultTolerantUnit ;
+-------------------+-------------------------------+


+--------------------------------------------------------------------------------------------------------------------------------------------------------------------+
; Flow Non-Default Global Settings                                                                                                                                   ;
+--------------------------------------+-------------------------------------------------------+---------------+-------------+---------------------------------------+
; Assignment Name                      ; Value                                                 ; Default Value ; Entity Name ; Section Id                            ;
+--------------------------------------+-------------------------------------------------------+---------------+-------------+---------------------------------------+
; COMPILER_SIGNATURE_ID                ; 88165397110196.170546362503444                        ; --            ; --          ; --                                    ;
; EDA_DESIGN_INSTANCE_NAME             ; NA                                                    ; --            ; --          ; FPGAmoduleOfFaultTolerantUnit_vhd_tst ;
; EDA_NATIVELINK_SIMULATION_TEST_BENCH ; FPGAmoduleOfFaultTolerantUnit_vhd_tst                 ; --            ; --          ; eda_simulation                        ;
; EDA_OUTPUT_DATA_FORMAT               ; Vhdl                                                  ; --            ; --          ; eda_simulation                        ;
; EDA_SIMULATION_TOOL                  ; ModelSim-Altera (VHDL)                                ; <None>        ; --          ; --                                    ;
; EDA_TEST_BENCH_ENABLE_STATUS         ; TEST_BENCH_MODE                                       ; --            ; --          ; eda_simulation                        ;
; EDA_TEST_BENCH_FILE                  ; simulation/modelsim/FPGAmoduleOfFaultTolerantUnit.vht ; --            ; --          ; FPGAmoduleOfFaultTolerantUnit_vhd_tst ;
; EDA_TEST_BENCH_MODULE_NAME           ; FPGAmoduleOfFaultTolerantUnit_vhd_tst                 ; --            ; --          ; FPGAmoduleOfFaultTolerantUnit_vhd_tst ;
; EDA_TEST_BENCH_NAME                  ; FPGAmoduleOfFaultTolerantUnit_vhd_tst                 ; --            ; --          ; eda_simulation                        ;
; MAX_CORE_JUNCTION_TEMP               ; 85                                                    ; --            ; --          ; --                                    ;
; MIN_CORE_JUNCTION_TEMP               ; 0                                                     ; --            ; --          ; --                                    ;
; OUTPUT_IO_TIMING_FAR_END_VMEAS       ; Half Signal Swing                                     ; --            ; --          ; --                                    ;
; OUTPUT_IO_TIMING_FAR_END_VMEAS       ; Half Signal Swing                                     ; --            ; --          ; --                                    ;
; OUTPUT_IO_TIMING_NEAR_END_VMEAS      ; Half Vccio                                            ; --            ; --          ; --                                    ;
; OUTPUT_IO_TIMING_NEAR_END_VMEAS      ; Half Vccio                                            ; --            ; --          ; --                                    ;
; PARTITION_COLOR                      ; 16764057                                              ; --            ; --          ; Top                                   ;
; PARTITION_FITTER_PRESERVATION_LEVEL  ; PLACEMENT_AND_ROUTING                                 ; --            ; --          ; Top                                   ;
; PARTITION_NETLIST_TYPE               ; SOURCE                                                ; --            ; --          ; Top                                   ;
; POWER_BOARD_THERMAL_MODEL            ; None (CONSERVATIVE)                                   ; --            ; --          ; --                                    ;
; POWER_PRESET_COOLING_SOLUTION        ; 23 MM HEAT SINK WITH 200 LFPM AIRFLOW                 ; --            ; --          ; --                                    ;
; PROJECT_OUTPUT_DIRECTORY             ; output_files                                          ; --            ; --          ; --                                    ;
+--------------------------------------+-------------------------------------------------------+---------------+-------------+---------------------------------------+


+-------------------------------------------------------------------------------------------------------------------------------+
; Flow Elapsed Time                                                                                                             ;
+---------------------------+--------------+-------------------------+---------------------+------------------------------------+
; Module Name               ; Elapsed Time ; Average Processors Used ; Peak Virtual Memory ; Total CPU Time (on all processors) ;
+---------------------------+--------------+-------------------------+---------------------+------------------------------------+
; Analysis & Synthesis      ; 00:00:06     ; 1.0                     ; 4675 MB             ; 00:00:04                           ;
; Fitter                    ; 00:00:16     ; 1.0                     ; 4936 MB             ; 00:00:14                           ;
; Assembler                 ; 00:00:01     ; 1.0                     ; 4555 MB             ; 00:00:01                           ;
; TimeQuest Timing Analyzer ; 00:00:04     ; 1.0                     ; 4685 MB             ; 00:00:03                           ;
; EDA Netlist Writer        ; 00:00:02     ; 1.0                     ; 4539 MB             ; 00:00:02                           ;
; EDA Netlist Writer        ; 00:00:00     ; 1.0                     ; 4535 MB             ; 00:00:00                           ;
; Total                     ; 00:00:29     ; --                      ; --                  ; 00:00:24                           ;
+---------------------------+--------------+-------------------------+---------------------+------------------------------------+


+----------------------------------------------------------------------------------------+
; Flow OS Summary                                                                        ;
+---------------------------+------------------+-----------+------------+----------------+
; Module Name               ; Machine Hostname ; OS Name   ; OS Version ; Processor type ;
+---------------------------+------------------+-----------+------------+----------------+
; Analysis & Synthesis      ; UnLeksNB         ; Windows 7 ; 6.2        ; x86_64         ;
; Fitter                    ; UnLeksNB         ; Windows 7 ; 6.2        ; x86_64         ;
; Assembler                 ; UnLeksNB         ; Windows 7 ; 6.2        ; x86_64         ;
; TimeQuest Timing Analyzer ; UnLeksNB         ; Windows 7 ; 6.2        ; x86_64         ;
; EDA Netlist Writer        ; UnLeksNB         ; Windows 7 ; 6.2        ; x86_64         ;
; EDA Netlist Writer        ; UnLeksNB         ; Windows 7 ; 6.2        ; x86_64         ;
+---------------------------+------------------+-----------+------------+----------------+


------------
; Flow Log ;
------------
quartus_map --read_settings_files=on --write_settings_files=off FPGAmoduleOfFaultTolerantUnit -c FPGAmoduleOfFaultTolerantUnit
quartus_fit --read_settings_files=off --write_settings_files=off FPGAmoduleOfFaultTolerantUnit -c FPGAmoduleOfFaultTolerantUnit
quartus_asm --read_settings_files=off --write_settings_files=off FPGAmoduleOfFaultTolerantUnit -c FPGAmoduleOfFaultTolerantUnit
quartus_sta FPGAmoduleOfFaultTolerantUnit -c FPGAmoduleOfFaultTolerantUnit
quartus_eda --read_settings_files=off --write_settings_files=off FPGAmoduleOfFaultTolerantUnit -c FPGAmoduleOfFaultTolerantUnit
quartus_eda --read_settings_files=on --write_settings_files=off FPGAmoduleOfFaultTolerantUnit -c FPGAmoduleOfFaultTolerantUnit --gen_testbench



